This file contains any messages produced by compilers while
running configure, to aid debugging if configure makes a mistake.

It was created by crosstool-NG configure 1.19.0, which was
generated by GNU Autoconf 2.69.  Invocation command line was

  $ ./configure --prefix=/ffmpeg

## --------- ##
## Platform. ##
## --------- ##

hostname = raspberrypi
uname -m = armv6l
uname -r = 3.10.32+
uname -s = Linux
uname -v = #648 PREEMPT Fri Feb 28 16:29:56 GMT 2014

/usr/bin/uname -p = unknown
/bin/uname -X     = unknown

/bin/arch              = unknown
/usr/bin/arch -k       = unknown
/usr/convex/getsysinfo = unknown
/usr/bin/hostinfo      = unknown
/bin/machine           = unknown
/usr/bin/oslevel       = unknown
/bin/universe          = unknown

PATH: /usr/local/sbin
PATH: /usr/local/bin
PATH: /usr/sbin
PATH: /usr/bin
PATH: /sbin
PATH: /bin


## ----------- ##
## Core tests. ##
## ----------- ##

configure:2361: checking build system type
configure:2375: result: armv6l-unknown-linux-gnueabihf
configure:2395: checking host system type
configure:2408: result: armv6l-unknown-linux-gnueabihf
configure:2469: checking for a BSD-compatible install
configure:2537: result: /usr/bin/install -c
configure:2548: checking for grep that handles long lines and -e
configure:2606: result: /bin/grep
configure:2611: checking for egrep
configure:2673: result: /bin/grep -E
configure:2692: checking for a sed that does not truncate output
configure:2756: result: /bin/sed
configure:2761: checking whether sed understands -r -i -e
configure:2766: result: yes
configure:2774: checking whether ln -s works
configure:2778: result: yes
configure:2837: checking for gcc
configure:2853: found /usr/bin/gcc
configure:2864: result: gcc
configure:3093: checking for C compiler version
configure:3102: gcc --version >&5
gcc (Debian 4.6.3-14+rpi1) 4.6.3
Copyright (C) 2011 Free Software Foundation, Inc.
This is free software; see the source for copying conditions.  There is NO
warranty; not even for MERCHANTABILITY or FITNESS FOR A PARTICULAR PURPOSE.

configure:3113: $? = 0
configure:3102: gcc -v >&5
Using built-in specs.
COLLECT_GCC=gcc
COLLECT_LTO_WRAPPER=/usr/lib/gcc/arm-linux-gnueabihf/4.6/lto-wrapper
Target: arm-linux-gnueabihf
Configured with: ../src/configure -v --with-pkgversion='Debian 4.6.3-14+rpi1' --with-bugurl=file:///usr/share/doc/gcc-4.6/README.Bugs --enable-languages=c,c++,fortran,objc,obj-c++ --prefix=/usr --program-suffix=-4.6 --enable-shared --enable-linker-build-id --with-system-zlib --libexecdir=/usr/lib --without-included-gettext --enable-threads=posix --with-gxx-include-dir=/usr/include/c++/4.6 --libdir=/usr/lib --enable-nls --with-sysroot=/ --enable-clocale=gnu --enable-libstdcxx-debug --enable-libstdcxx-time=yes --enable-gnu-unique-object --enable-plugin --enable-objc-gc --disable-sjlj-exceptions --with-arch=armv6 --with-fpu=vfp --with-float=hard --enable-checking=release --build=arm-linux-gnueabihf --host=arm-linux-gnueabihf --target=arm-linux-gnueabihf
Thread model: posix
gcc version 4.6.3 (Debian 4.6.3-14+rpi1) 
configure:3113: $? = 0
configure:3102: gcc -V >&5
gcc: error: unrecognized option '-V'
gcc: fatal error: no input files
compilation terminated.
configure:3113: $? = 4
configure:3102: gcc -qversion >&5
gcc: error: unrecognized option '-qversion'
gcc: fatal error: no input files
compilation terminated.
configure:3113: $? = 4
configure:3133: checking whether the C compiler works
configure:3155: gcc    conftest.c  >&5
configure:3159: $? = 0
configure:3207: result: yes
configure:3210: checking for C compiler default output file name
configure:3212: result: a.out
configure:3218: checking for suffix of executables
configure:3225: gcc -o conftest    conftest.c  >&5
configure:3229: $? = 0
configure:3251: result: 
configure:3273: checking whether we are cross compiling
configure:3281: gcc -o conftest    conftest.c  >&5
configure:3285: $? = 0
configure:3292: ./conftest
configure:3296: $? = 0
configure:3311: result: no
configure:3316: checking for suffix of object files
configure:3338: gcc -c   conftest.c >&5
configure:3342: $? = 0
configure:3363: result: o
configure:3367: checking whether we are using the GNU C compiler
configure:3386: gcc -c   conftest.c >&5
configure:3386: $? = 0
configure:3395: result: yes
configure:3404: checking whether gcc accepts -g
configure:3424: gcc -c -g  conftest.c >&5
configure:3424: $? = 0
configure:3465: result: yes
configure:3482: checking for gcc option to accept ISO C89
configure:3545: gcc  -c -g -O2  conftest.c >&5
configure:3545: $? = 0
configure:3558: result: none needed
configure:3586: checking how to run the C preprocessor
configure:3617: gcc -E  conftest.c
configure:3617: $? = 0
configure:3631: gcc -E  conftest.c
conftest.c:9:28: fatal error: ac_nonexistent.h: No such file or directory
compilation terminated.
configure:3631: $? = 1
configure: failed program was:
| /* confdefs.h */
| #define PACKAGE_NAME "crosstool-NG"
| #define PACKAGE_TARNAME "crosstool-ng"
| #define PACKAGE_VERSION "1.19.0"
| #define PACKAGE_STRING "crosstool-NG 1.19.0"
| #define PACKAGE_BUGREPORT "crossgcc@sourceware.org"
| #define PACKAGE_URL ""
| /* end confdefs.h.  */
| #include <ac_nonexistent.h>
configure:3656: result: gcc -E
configure:3676: gcc -E  conftest.c
configure:3676: $? = 0
configure:3690: gcc -E  conftest.c
conftest.c:9:28: fatal error: ac_nonexistent.h: No such file or directory
compilation terminated.
configure:3690: $? = 1
configure: failed program was:
| /* confdefs.h */
| #define PACKAGE_NAME "crosstool-NG"
| #define PACKAGE_TARNAME "crosstool-ng"
| #define PACKAGE_VERSION "1.19.0"
| #define PACKAGE_STRING "crosstool-NG 1.19.0"
| #define PACKAGE_BUGREPORT "crossgcc@sourceware.org"
| #define PACKAGE_URL ""
| /* end confdefs.h.  */
| #include <ac_nonexistent.h>
configure:3794: checking for ranlib
configure:3810: found /usr/bin/ranlib
configure:3821: result: ranlib
configure:3892: checking for objcopy
configure:3908: found /usr/bin/objcopy
configure:3919: result: objcopy
configure:3951: checking for absolute path to objcopy
configure:3954: result: /usr/bin/objcopy
configure:4008: checking for objdump
configure:4024: found /usr/bin/objdump
configure:4035: result: objdump
configure:4067: checking for absolute path to objdump
configure:4070: result: /usr/bin/objdump
configure:4124: checking for readelf
configure:4140: found /usr/bin/readelf
configure:4151: result: readelf
configure:4183: checking for absolute path to readelf
configure:4186: result: /usr/bin/readelf
configure:4240: checking for gperf
configure:4256: found /usr/bin/gperf
configure:4267: result: gperf
configure:4299: checking for absolute path to gperf
configure:4302: result: /usr/bin/gperf
configure:4312: checking for bison
configure:4328: found /usr/bin/bison
configure:4339: result: bison
configure:4358: checking for flex
configure:4374: found /usr/bin/flex
configure:4385: result: flex
configure:4404: checking for makeinfo
configure:4420: found /usr/bin/makeinfo
configure:4431: result: makeinfo
configure:4450: checking for cut
configure:4466: found /usr/bin/cut
configure:4477: result: cut
configure:4496: checking for stat
configure:4512: found /usr/bin/stat
configure:4523: result: stat
configure:4542: checking for readlink
configure:4558: found /bin/readlink
configure:4569: result: readlink
configure:4588: checking for wget
configure:4604: found /usr/bin/wget
configure:4615: result: wget
configure:4634: checking for tar
configure:4650: found /bin/tar
configure:4661: result: tar
configure:4680: checking for gzip
configure:4696: found /bin/gzip
configure:4707: result: gzip
configure:4726: checking for bzip2
configure:4742: found /bin/bzip2
configure:4753: result: bzip2
configure:4776: checking for patch
configure:4794: found /usr/bin/patch
configure:4806: result: /usr/bin/patch
configure:4837: checking for bash >= 3.1
configure:4872: result: /bin/bash
configure:4889: checking for GNU awk
configure:4924: result: /usr/bin/awk
configure:4942: checking for GNU make >= 3.80
configure:4977: result: /usr/bin/make
configure:4981: checking whether /usr/bin/make sets $(MAKE)
configure:5003: result: yes
configure:5026: checking for GNU libtool >= 1.5.26
configure:5061: result: /usr/bin/libtool
configure:5079: checking for GNU libtoolize >= 1.5.26
configure:5114: result: /usr/bin/libtoolize
configure:5132: checking for GNU automake >= 1.10
configure:5167: result: /usr/bin/automake
configure:5182: checking for xz
configure:5198: found /usr/bin/xz
configure:5209: result: xz
configure:5282: checking for cvs
configure:5298: found /usr/bin/cvs
configure:5309: result: cvs
configure:5332: checking for svn
configure:5348: found /usr/bin/svn
configure:5359: result: svn
configure:5381: checking for inline
configure:5397: gcc -c -g -O2  conftest.c >&5
configure:5397: $? = 0
configure:5405: result: inline
configure:5424: checking for ANSI C header files
configure:5444: gcc -c -g -O2  conftest.c >&5
configure:5444: $? = 0
configure:5517: gcc -o conftest -g -O2   conftest.c  >&5
configure:5517: $? = 0
configure:5517: ./conftest
configure:5517: $? = 0
configure:5528: result: yes
configure:5541: checking for sys/types.h
configure:5541: gcc -c -g -O2  conftest.c >&5
configure:5541: $? = 0
configure:5541: result: yes
configure:5541: checking for sys/stat.h
configure:5541: gcc -c -g -O2  conftest.c >&5
configure:5541: $? = 0
configure:5541: result: yes
configure:5541: checking for stdlib.h
configure:5541: gcc -c -g -O2  conftest.c >&5
configure:5541: $? = 0
configure:5541: result: yes
configure:5541: checking for string.h
configure:5541: gcc -c -g -O2  conftest.c >&5
configure:5541: $? = 0
configure:5541: result: yes
configure:5541: checking for memory.h
configure:5541: gcc -c -g -O2  conftest.c >&5
configure:5541: $? = 0
configure:5541: result: yes
configure:5541: checking for strings.h
configure:5541: gcc -c -g -O2  conftest.c >&5
configure:5541: $? = 0
configure:5541: result: yes
configure:5541: checking for inttypes.h
configure:5541: gcc -c -g -O2  conftest.c >&5
configure:5541: $? = 0
configure:5541: result: yes
configure:5541: checking for stdint.h
configure:5541: gcc -c -g -O2  conftest.c >&5
configure:5541: $? = 0
configure:5541: result: yes
configure:5541: checking for unistd.h
configure:5541: gcc -c -g -O2  conftest.c >&5
configure:5541: $? = 0
configure:5541: result: yes
configure:5555: checking for stdlib.h
configure:5555: result: yes
configure:5565: checking for GNU libc compatible malloc
configure:5589: gcc -o conftest -g -O2   conftest.c  >&5
configure:5589: $? = 0
configure:5589: ./conftest
configure:5589: $? = 0
configure:5599: result: yes
configure:5622: checking for stdlib.h
configure:5622: result: yes
configure:5632: checking for GNU libc compatible realloc
configure:5656: gcc -o conftest -g -O2   conftest.c  >&5
configure:5656: $? = 0
configure:5656: ./conftest
configure:5656: $? = 0
configure:5666: result: yes
configure:5687: checking for size_t
configure:5687: gcc -c -g -O2  conftest.c >&5
configure:5687: $? = 0
configure:5687: gcc -c -g -O2  conftest.c >&5
conftest.c: In function 'main':
conftest.c:59:21: error: expected expression before ')' token
configure:5687: $? = 1
configure: failed program was:
| /* confdefs.h */
| #define PACKAGE_NAME "crosstool-NG"
| #define PACKAGE_TARNAME "crosstool-ng"
| #define PACKAGE_VERSION "1.19.0"
| #define PACKAGE_STRING "crosstool-NG 1.19.0"
| #define PACKAGE_BUGREPORT "crossgcc@sourceware.org"
| #define PACKAGE_URL ""
| #define STDC_HEADERS 1
| #define HAVE_SYS_TYPES_H 1
| #define HAVE_SYS_STAT_H 1
| #define HAVE_STDLIB_H 1
| #define HAVE_STRING_H 1
| #define HAVE_MEMORY_H 1
| #define HAVE_STRINGS_H 1
| #define HAVE_INTTYPES_H 1
| #define HAVE_STDINT_H 1
| #define HAVE_UNISTD_H 1
| #define HAVE_STDLIB_H 1
| #define HAVE_MALLOC 1
| #define HAVE_STDLIB_H 1
| #define HAVE_REALLOC 1
| /* end confdefs.h.  */
| #include <stdio.h>
| #ifdef HAVE_SYS_TYPES_H
| # include <sys/types.h>
| #endif
| #ifdef HAVE_SYS_STAT_H
| # include <sys/stat.h>
| #endif
| #ifdef STDC_HEADERS
| # include <stdlib.h>
| # include <stddef.h>
| #else
| # ifdef HAVE_STDLIB_H
| #  include <stdlib.h>
| # endif
| #endif
| #ifdef HAVE_STRING_H
| # if !defined STDC_HEADERS && defined HAVE_MEMORY_H
| #  include <memory.h>
| # endif
| # include <string.h>
| #endif
| #ifdef HAVE_STRINGS_H
| # include <strings.h>
| #endif
| #ifdef HAVE_INTTYPES_H
| # include <inttypes.h>
| #endif
| #ifdef HAVE_STDINT_H
| # include <stdint.h>
| #endif
| #ifdef HAVE_UNISTD_H
| # include <unistd.h>
| #endif
| int
| main ()
| {
| if (sizeof ((size_t)))
| 	    return 0;
|   ;
|   return 0;
| }
configure:5687: result: yes
configure:5700: checking for working alloca.h
configure:5717: gcc -o conftest -g -O2   conftest.c  >&5
configure:5717: $? = 0
configure:5725: result: yes
configure:5733: checking for alloca
configure:5770: gcc -o conftest -g -O2   conftest.c  >&5
configure:5770: $? = 0
configure:5778: result: yes
configure:5890: checking libintl.h usability
configure:5890: gcc -c -g -O2  conftest.c >&5
configure:5890: $? = 0
configure:5890: result: yes
configure:5890: checking libintl.h presence
configure:5890: gcc -E  conftest.c
configure:5890: $? = 0
configure:5890: result: yes
configure:5890: checking for libintl.h
configure:5890: result: yes
configure:5901: checking whether gettext is declared
configure:5901: gcc -c -g -O2  conftest.c >&5
configure:5901: $? = 0
configure:5901: result: yes
configure:5916: checking ncurses/ncurses.h usability
configure:5916: gcc -c -g -O2  conftest.c >&5
conftest.c:59:29: fatal error: ncurses/ncurses.h: No such file or directory
compilation terminated.
configure:5916: $? = 1
configure: failed program was:
| /* confdefs.h */
| #define PACKAGE_NAME "crosstool-NG"
| #define PACKAGE_TARNAME "crosstool-ng"
| #define PACKAGE_VERSION "1.19.0"
| #define PACKAGE_STRING "crosstool-NG 1.19.0"
| #define PACKAGE_BUGREPORT "crossgcc@sourceware.org"
| #define PACKAGE_URL ""
| #define STDC_HEADERS 1
| #define HAVE_SYS_TYPES_H 1
| #define HAVE_SYS_STAT_H 1
| #define HAVE_STDLIB_H 1
| #define HAVE_STRING_H 1
| #define HAVE_MEMORY_H 1
| #define HAVE_STRINGS_H 1
| #define HAVE_INTTYPES_H 1
| #define HAVE_STDINT_H 1
| #define HAVE_UNISTD_H 1
| #define HAVE_STDLIB_H 1
| #define HAVE_MALLOC 1
| #define HAVE_STDLIB_H 1
| #define HAVE_REALLOC 1
| #define HAVE_ALLOCA_H 1
| #define HAVE_ALLOCA 1
| #define HAVE_LIBINTL_H 1
| /* end confdefs.h.  */
| #include <stdio.h>
| #ifdef HAVE_SYS_TYPES_H
| # include <sys/types.h>
| #endif
| #ifdef HAVE_SYS_STAT_H
| # include <sys/stat.h>
| #endif
| #ifdef STDC_HEADERS
| # include <stdlib.h>
| # include <stddef.h>
| #else
| # ifdef HAVE_STDLIB_H
| #  include <stdlib.h>
| # endif
| #endif
| #ifdef HAVE_STRING_H
| # if !defined STDC_HEADERS && defined HAVE_MEMORY_H
| #  include <memory.h>
| # endif
| # include <string.h>
| #endif
| #ifdef HAVE_STRINGS_H
| # include <strings.h>
| #endif
| #ifdef HAVE_INTTYPES_H
| # include <inttypes.h>
| #endif
| #ifdef HAVE_STDINT_H
| # include <stdint.h>
| #endif
| #ifdef HAVE_UNISTD_H
| # include <unistd.h>
| #endif
| #include <ncurses/ncurses.h>
configure:5916: result: no
configure:5916: checking ncurses/ncurses.h presence
configure:5916: gcc -E  conftest.c
conftest.c:26:29: fatal error: ncurses/ncurses.h: No such file or directory
compilation terminated.
configure:5916: $? = 1
configure: failed program was:
| /* confdefs.h */
| #define PACKAGE_NAME "crosstool-NG"
| #define PACKAGE_TARNAME "crosstool-ng"
| #define PACKAGE_VERSION "1.19.0"
| #define PACKAGE_STRING "crosstool-NG 1.19.0"
| #define PACKAGE_BUGREPORT "crossgcc@sourceware.org"
| #define PACKAGE_URL ""
| #define STDC_HEADERS 1
| #define HAVE_SYS_TYPES_H 1
| #define HAVE_SYS_STAT_H 1
| #define HAVE_STDLIB_H 1
| #define HAVE_STRING_H 1
| #define HAVE_MEMORY_H 1
| #define HAVE_STRINGS_H 1
| #define HAVE_INTTYPES_H 1
| #define HAVE_STDINT_H 1
| #define HAVE_UNISTD_H 1
| #define HAVE_STDLIB_H 1
| #define HAVE_MALLOC 1
| #define HAVE_STDLIB_H 1
| #define HAVE_REALLOC 1
| #define HAVE_ALLOCA_H 1
| #define HAVE_ALLOCA 1
| #define HAVE_LIBINTL_H 1
| /* end confdefs.h.  */
| #include <ncurses/ncurses.h>
configure:5916: result: no
configure:5916: checking for ncurses/ncurses.h
configure:5916: result: no
configure:5916: checking ncurses/curses.h usability
configure:5916: gcc -c -g -O2  conftest.c >&5
conftest.c:59:28: fatal error: ncurses/curses.h: No such file or directory
compilation terminated.
configure:5916: $? = 1
configure: failed program was:
| /* confdefs.h */
| #define PACKAGE_NAME "crosstool-NG"
| #define PACKAGE_TARNAME "crosstool-ng"
| #define PACKAGE_VERSION "1.19.0"
| #define PACKAGE_STRING "crosstool-NG 1.19.0"
| #define PACKAGE_BUGREPORT "crossgcc@sourceware.org"
| #define PACKAGE_URL ""
| #define STDC_HEADERS 1
| #define HAVE_SYS_TYPES_H 1
| #define HAVE_SYS_STAT_H 1
| #define HAVE_STDLIB_H 1
| #define HAVE_STRING_H 1
| #define HAVE_MEMORY_H 1
| #define HAVE_STRINGS_H 1
| #define HAVE_INTTYPES_H 1
| #define HAVE_STDINT_H 1
| #define HAVE_UNISTD_H 1
| #define HAVE_STDLIB_H 1
| #define HAVE_MALLOC 1
| #define HAVE_STDLIB_H 1
| #define HAVE_REALLOC 1
| #define HAVE_ALLOCA_H 1
| #define HAVE_ALLOCA 1
| #define HAVE_LIBINTL_H 1
| /* end confdefs.h.  */
| #include <stdio.h>
| #ifdef HAVE_SYS_TYPES_H
| # include <sys/types.h>
| #endif
| #ifdef HAVE_SYS_STAT_H
| # include <sys/stat.h>
| #endif
| #ifdef STDC_HEADERS
| # include <stdlib.h>
| # include <stddef.h>
| #else
| # ifdef HAVE_STDLIB_H
| #  include <stdlib.h>
| # endif
| #endif
| #ifdef HAVE_STRING_H
| # if !defined STDC_HEADERS && defined HAVE_MEMORY_H
| #  include <memory.h>
| # endif
| # include <string.h>
| #endif
| #ifdef HAVE_STRINGS_H
| # include <strings.h>
| #endif
| #ifdef HAVE_INTTYPES_H
| # include <inttypes.h>
| #endif
| #ifdef HAVE_STDINT_H
| # include <stdint.h>
| #endif
| #ifdef HAVE_UNISTD_H
| # include <unistd.h>
| #endif
| #include <ncurses/curses.h>
configure:5916: result: no
configure:5916: checking ncurses/curses.h presence
configure:5916: gcc -E  conftest.c
conftest.c:26:28: fatal error: ncurses/curses.h: No such file or directory
compilation terminated.
configure:5916: $? = 1
configure: failed program was:
| /* confdefs.h */
| #define PACKAGE_NAME "crosstool-NG"
| #define PACKAGE_TARNAME "crosstool-ng"
| #define PACKAGE_VERSION "1.19.0"
| #define PACKAGE_STRING "crosstool-NG 1.19.0"
| #define PACKAGE_BUGREPORT "crossgcc@sourceware.org"
| #define PACKAGE_URL ""
| #define STDC_HEADERS 1
| #define HAVE_SYS_TYPES_H 1
| #define HAVE_SYS_STAT_H 1
| #define HAVE_STDLIB_H 1
| #define HAVE_STRING_H 1
| #define HAVE_MEMORY_H 1
| #define HAVE_STRINGS_H 1
| #define HAVE_INTTYPES_H 1
| #define HAVE_STDINT_H 1
| #define HAVE_UNISTD_H 1
| #define HAVE_STDLIB_H 1
| #define HAVE_MALLOC 1
| #define HAVE_STDLIB_H 1
| #define HAVE_REALLOC 1
| #define HAVE_ALLOCA_H 1
| #define HAVE_ALLOCA 1
| #define HAVE_LIBINTL_H 1
| /* end confdefs.h.  */
| #include <ncurses/curses.h>
configure:5916: result: no
configure:5916: checking for ncurses/curses.h
configure:5916: result: no
configure:5916: checking ncursesw/curses.h usability
configure:5916: gcc -c -g -O2  conftest.c >&5
conftest.c:59:29: fatal error: ncursesw/curses.h: No such file or directory
compilation terminated.
configure:5916: $? = 1
configure: failed program was:
| /* confdefs.h */
| #define PACKAGE_NAME "crosstool-NG"
| #define PACKAGE_TARNAME "crosstool-ng"
| #define PACKAGE_VERSION "1.19.0"
| #define PACKAGE_STRING "crosstool-NG 1.19.0"
| #define PACKAGE_BUGREPORT "crossgcc@sourceware.org"
| #define PACKAGE_URL ""
| #define STDC_HEADERS 1
| #define HAVE_SYS_TYPES_H 1
| #define HAVE_SYS_STAT_H 1
| #define HAVE_STDLIB_H 1
| #define HAVE_STRING_H 1
| #define HAVE_MEMORY_H 1
| #define HAVE_STRINGS_H 1
| #define HAVE_INTTYPES_H 1
| #define HAVE_STDINT_H 1
| #define HAVE_UNISTD_H 1
| #define HAVE_STDLIB_H 1
| #define HAVE_MALLOC 1
| #define HAVE_STDLIB_H 1
| #define HAVE_REALLOC 1
| #define HAVE_ALLOCA_H 1
| #define HAVE_ALLOCA 1
| #define HAVE_LIBINTL_H 1
| /* end confdefs.h.  */
| #include <stdio.h>
| #ifdef HAVE_SYS_TYPES_H
| # include <sys/types.h>
| #endif
| #ifdef HAVE_SYS_STAT_H
| # include <sys/stat.h>
| #endif
| #ifdef STDC_HEADERS
| # include <stdlib.h>
| # include <stddef.h>
| #else
| # ifdef HAVE_STDLIB_H
| #  include <stdlib.h>
| # endif
| #endif
| #ifdef HAVE_STRING_H
| # if !defined STDC_HEADERS && defined HAVE_MEMORY_H
| #  include <memory.h>
| # endif
| # include <string.h>
| #endif
| #ifdef HAVE_STRINGS_H
| # include <strings.h>
| #endif
| #ifdef HAVE_INTTYPES_H
| # include <inttypes.h>
| #endif
| #ifdef HAVE_STDINT_H
| # include <stdint.h>
| #endif
| #ifdef HAVE_UNISTD_H
| # include <unistd.h>
| #endif
| #include <ncursesw/curses.h>
configure:5916: result: no
configure:5916: checking ncursesw/curses.h presence
configure:5916: gcc -E  conftest.c
conftest.c:26:29: fatal error: ncursesw/curses.h: No such file or directory
compilation terminated.
configure:5916: $? = 1
configure: failed program was:
| /* confdefs.h */
| #define PACKAGE_NAME "crosstool-NG"
| #define PACKAGE_TARNAME "crosstool-ng"
| #define PACKAGE_VERSION "1.19.0"
| #define PACKAGE_STRING "crosstool-NG 1.19.0"
| #define PACKAGE_BUGREPORT "crossgcc@sourceware.org"
| #define PACKAGE_URL ""
| #define STDC_HEADERS 1
| #define HAVE_SYS_TYPES_H 1
| #define HAVE_SYS_STAT_H 1
| #define HAVE_STDLIB_H 1
| #define HAVE_STRING_H 1
| #define HAVE_MEMORY_H 1
| #define HAVE_STRINGS_H 1
| #define HAVE_INTTYPES_H 1
| #define HAVE_STDINT_H 1
| #define HAVE_UNISTD_H 1
| #define HAVE_STDLIB_H 1
| #define HAVE_MALLOC 1
| #define HAVE_STDLIB_H 1
| #define HAVE_REALLOC 1
| #define HAVE_ALLOCA_H 1
| #define HAVE_ALLOCA 1
| #define HAVE_LIBINTL_H 1
| /* end confdefs.h.  */
| #include <ncursesw/curses.h>
configure:5916: result: no
configure:5916: checking for ncursesw/curses.h
configure:5916: result: no
configure:5916: checking ncurses.h usability
configure:5916: gcc -c -g -O2  conftest.c >&5
configure:5916: $? = 0
configure:5916: result: yes
configure:5916: checking ncurses.h presence
configure:5916: gcc -E  conftest.c
configure:5916: $? = 0
configure:5916: result: yes
configure:5916: checking for ncurses.h
configure:5916: result: yes
configure:5929: checking for library containing initscr
configure:5960: gcc -o conftest -g -O2   conftest.c  >&5
/tmp/ccUcpQ5D.o: In function `main':
/ffmpeg/crosstool-ng-1.19.0/conftest.c:38: undefined reference to `initscr'
collect2: ld returned 1 exit status
configure:5960: $? = 1
configure: failed program was:
| /* confdefs.h */
| #define PACKAGE_NAME "crosstool-NG"
| #define PACKAGE_TARNAME "crosstool-ng"
| #define PACKAGE_VERSION "1.19.0"
| #define PACKAGE_STRING "crosstool-NG 1.19.0"
| #define PACKAGE_BUGREPORT "crossgcc@sourceware.org"
| #define PACKAGE_URL ""
| #define STDC_HEADERS 1
| #define HAVE_SYS_TYPES_H 1
| #define HAVE_SYS_STAT_H 1
| #define HAVE_STDLIB_H 1
| #define HAVE_STRING_H 1
| #define HAVE_MEMORY_H 1
| #define HAVE_STRINGS_H 1
| #define HAVE_INTTYPES_H 1
| #define HAVE_STDINT_H 1
| #define HAVE_UNISTD_H 1
| #define HAVE_STDLIB_H 1
| #define HAVE_MALLOC 1
| #define HAVE_STDLIB_H 1
| #define HAVE_REALLOC 1
| #define HAVE_ALLOCA_H 1
| #define HAVE_ALLOCA 1
| #define HAVE_LIBINTL_H 1
| #define HAVE_NCURSES_H 1
| /* end confdefs.h.  */
| 
| /* Override any GCC internal prototype to avoid an error.
|    Use char because int might match the return type of a GCC
|    builtin and then its argument prototype would still apply.  */
| #ifdef __cplusplus
| extern "C"
| #endif
| char initscr ();
| int
| main ()
| {
| return initscr ();
|   ;
|   return 0;
| }
configure:5960: gcc -o conftest -g -O2   conftest.c -lncursesw   >&5
/usr/bin/ld: cannot find -lncursesw
collect2: ld returned 1 exit status
configure:5960: $? = 1
configure: failed program was:
| /* confdefs.h */
| #define PACKAGE_NAME "crosstool-NG"
| #define PACKAGE_TARNAME "crosstool-ng"
| #define PACKAGE_VERSION "1.19.0"
| #define PACKAGE_STRING "crosstool-NG 1.19.0"
| #define PACKAGE_BUGREPORT "crossgcc@sourceware.org"
| #define PACKAGE_URL ""
| #define STDC_HEADERS 1
| #define HAVE_SYS_TYPES_H 1
| #define HAVE_SYS_STAT_H 1
| #define HAVE_STDLIB_H 1
| #define HAVE_STRING_H 1
| #define HAVE_MEMORY_H 1
| #define HAVE_STRINGS_H 1
| #define HAVE_INTTYPES_H 1
| #define HAVE_STDINT_H 1
| #define HAVE_UNISTD_H 1
| #define HAVE_STDLIB_H 1
| #define HAVE_MALLOC 1
| #define HAVE_STDLIB_H 1
| #define HAVE_REALLOC 1
| #define HAVE_ALLOCA_H 1
| #define HAVE_ALLOCA 1
| #define HAVE_LIBINTL_H 1
| #define HAVE_NCURSES_H 1
| /* end confdefs.h.  */
| 
| /* Override any GCC internal prototype to avoid an error.
|    Use char because int might match the return type of a GCC
|    builtin and then its argument prototype would still apply.  */
| #ifdef __cplusplus
| extern "C"
| #endif
| char initscr ();
| int
| main ()
| {
| return initscr ();
|   ;
|   return 0;
| }
configure:5960: gcc -o conftest -g -O2   conftest.c -lncurses   >&5
configure:5960: $? = 0
configure:5977: result: -lncurses
configure:6193: creating ./config.status

## ---------------------- ##
## Running config.status. ##
## ---------------------- ##

This file was extended by crosstool-NG config.status 1.19.0, which was
generated by GNU Autoconf 2.69.  Invocation command line was

  CONFIG_FILES    = 
  CONFIG_HEADERS  = 
  CONFIG_LINKS    = 
  CONFIG_COMMANDS = 
  $ ./config.status 

on raspberrypi

config.status:777: creating Makefile

## ---------------- ##
## Cache variables. ##
## ---------------- ##

ac_cv_build=armv6l-unknown-linux-gnueabihf
ac_cv_c_compiler_gnu=yes
ac_cv_c_inline=inline
ac_cv_env_CC_set=
ac_cv_env_CC_value=
ac_cv_env_CFLAGS_set=
ac_cv_env_CFLAGS_value=
ac_cv_env_CPPFLAGS_set=
ac_cv_env_CPPFLAGS_value=
ac_cv_env_CPP_set=
ac_cv_env_CPP_value=
ac_cv_env_LDFLAGS_set=
ac_cv_env_LDFLAGS_value=
ac_cv_env_LIBS_set=
ac_cv_env_LIBS_value=
ac_cv_env_build_alias_set=
ac_cv_env_build_alias_value=
ac_cv_env_host_alias_set=
ac_cv_env_host_alias_value=
ac_cv_env_target_alias_set=
ac_cv_env_target_alias_value=
ac_cv_func_alloca_works=yes
ac_cv_func_malloc_0_nonnull=yes
ac_cv_func_realloc_0_nonnull=yes
ac_cv_have_decl_gettext=yes
ac_cv_header_inttypes_h=yes
ac_cv_header_libintl_h=yes
ac_cv_header_memory_h=yes
ac_cv_header_ncurses_curses_h=no
ac_cv_header_ncurses_h=yes
ac_cv_header_ncurses_ncurses_h=no
ac_cv_header_ncursesw_curses_h=no
ac_cv_header_stdc=yes
ac_cv_header_stdint_h=yes
ac_cv_header_stdlib_h=yes
ac_cv_header_string_h=yes
ac_cv_header_strings_h=yes
ac_cv_header_sys_stat_h=yes
ac_cv_header_sys_types_h=yes
ac_cv_header_unistd_h=yes
ac_cv_host=armv6l-unknown-linux-gnueabihf
ac_cv_objext=o
ac_cv_path_EGREP='/bin/grep -E'
ac_cv_path_GREP=/bin/grep
ac_cv_path_LIBTOOL=/usr/bin/libtool
ac_cv_path_LIBTOOLIZE=/usr/bin/libtoolize
ac_cv_path_MAKE=/usr/bin/make
ac_cv_path_PATCH=/usr/bin/patch
ac_cv_path_SED=/bin/sed
ac_cv_path__AWK=/usr/bin/awk
ac_cv_path__BASH=/bin/bash
ac_cv_path_automake=/usr/bin/automake
ac_cv_path_install='/usr/bin/install -c'
ac_cv_prog_CPP='gcc -E'
ac_cv_prog_ac_ct_CC=gcc
ac_cv_prog_ac_ct_GPERF=gperf
ac_cv_prog_ac_ct_OBJCOPY=objcopy
ac_cv_prog_ac_ct_OBJDUMP=objdump
ac_cv_prog_ac_ct_RANLIB=ranlib
ac_cv_prog_ac_ct_READELF=readelf
ac_cv_prog_bison=bison
ac_cv_prog_bzip2=bzip2
ac_cv_prog_cc_c89=
ac_cv_prog_cc_g=yes
ac_cv_prog_cut=cut
ac_cv_prog_cvs=cvs
ac_cv_prog_flex=flex
ac_cv_prog_gzip=gzip
ac_cv_prog_make__usr_bin_make_set=yes
ac_cv_prog_makeinfo=makeinfo
ac_cv_prog_readlink=readlink
ac_cv_prog_stat=stat
ac_cv_prog_svn=svn
ac_cv_prog_tar=tar
ac_cv_prog_wget=wget
ac_cv_prog_xz=xz
ac_cv_search_initscr=-lncurses
ac_cv_type_size_t=yes
ac_cv_working_alloca_h=yes

## ----------------- ##
## Output variables. ##
## ----------------- ##

ALLOCA=''
CC='gcc'
CFLAGS='-g -O2'
CPP='gcc -E'
CPPFLAGS=''
DATE='20140316'
DEFS='-DPACKAGE_NAME=\"crosstool-NG\" -DPACKAGE_TARNAME=\"crosstool-ng\" -DPACKAGE_VERSION=\"1.19.0\" -DPACKAGE_STRING=\"crosstool-NG\ 1.19.0\" -DPACKAGE_BUGREPORT=\"crossgcc@sourceware.org\" -DPACKAGE_URL=\"\" -DSTDC_HEADERS=1 -DHAVE_SYS_TYPES_H=1 -DHAVE_SYS_STAT_H=1 -DHAVE_STDLIB_H=1 -DHAVE_STRING_H=1 -DHAVE_MEMORY_H=1 -DHAVE_STRINGS_H=1 -DHAVE_INTTYPES_H=1 -DHAVE_STDINT_H=1 -DHAVE_UNISTD_H=1 -DHAVE_STDLIB_H=1 -DHAVE_MALLOC=1 -DHAVE_STDLIB_H=1 -DHAVE_REALLOC=1 -DHAVE_ALLOCA_H=1 -DHAVE_ALLOCA=1 -DHAVE_LIBINTL_H=1 -DHAVE_NCURSES_H=1'
ECHO_C=''
ECHO_N='-n'
ECHO_T=''
EGREP='/bin/grep -E'
EXEEXT=''
GPERF='/usr/bin/gperf'
GREP='/bin/grep'
INSTALL_DATA='${INSTALL} -m 644'
INSTALL_PROGRAM='${INSTALL}'
INSTALL_SCRIPT='${INSTALL}'
LDFLAGS=''
LIBOBJS=''
LIBS='-lncurses '
LIBTOOL='/usr/bin/libtool'
LIBTOOLIZE='/usr/bin/libtoolize'
LN_S='ln -s'
LTLIBOBJS=''
MAKE='/usr/bin/make'
OBJCOPY='/usr/bin/objcopy'
OBJDUMP='/usr/bin/objdump'
OBJEXT='o'
PACKAGE_BUGREPORT='crossgcc@sourceware.org'
PACKAGE_NAME='crosstool-NG'
PACKAGE_STRING='crosstool-NG 1.19.0'
PACKAGE_TARNAME='crosstool-ng'
PACKAGE_URL=''
PACKAGE_VERSION='1.19.0'
PATCH='/usr/bin/patch'
PATH_SEPARATOR=':'
RANLIB='ranlib'
READELF='/usr/bin/readelf'
SED='/bin/sed'
SET_MAKE=''
SHELL='/bin/bash'
_AWK='/usr/bin/awk'
_BASH='/bin/bash'
ac_ct_CC='gcc'
ac_ct_GPERF='gperf'
ac_ct_OBJCOPY='objcopy'
ac_ct_OBJDUMP='objdump'
ac_ct_READELF='readelf'
ac_ct_curses_hdr='ncurses.h'
automake='/usr/bin/automake'
bindir='${exec_prefix}/bin'
bison='bison'
build='armv6l-unknown-linux-gnueabihf'
build_alias=''
build_cpu='armv6l'
build_os='linux-gnueabihf'
build_vendor='unknown'
bzip2='bzip2'
cut='cut'
cvs='cvs'
datadir='${datarootdir}'
datarootdir='${prefix}/share'
docdir='${datarootdir}/doc/${PACKAGE_TARNAME}'
dvidir='${docdir}'
enable_local='no'
exec_prefix='${prefix}'
flex='flex'
gettext='y'
gzip='gzip'
host='armv6l-unknown-linux-gnueabihf'
host_alias=''
host_cpu='armv6l'
host_os='linux-gnueabihf'
host_vendor='unknown'
htmldir='${docdir}'
includedir='${prefix}/include'
infodir='${datarootdir}/info'
kconfig_options=' has_xz=y has_lzma has_cvs=y has_svn=y'
libdir='${exec_prefix}/lib'
libexecdir='${exec_prefix}/libexec'
localedir='${datarootdir}/locale'
localstatedir='${prefix}/var'
lzma=''
makeinfo='makeinfo'
mandir='${datarootdir}/man'
oldincludedir='/usr/include'
pdfdir='${docdir}'
prefix='/ffmpeg'
program_transform_name='s,x,x,'
psdir='${docdir}'
readlink='readlink'
sbindir='${exec_prefix}/sbin'
sharedstatedir='${prefix}/com'
stat='stat'
subdocdir='/ct-ng.${VERSION}'
sublibdir='/ct-ng.${VERSION}'
svn='svn'
sysconfdir='${prefix}/etc'
tar='tar'
target_alias=''
wget='wget'
xz='xz'

## ----------- ##
## confdefs.h. ##
## ----------- ##

/* confdefs.h */
#define PACKAGE_NAME "crosstool-NG"
#define PACKAGE_TARNAME "crosstool-ng"
#define PACKAGE_VERSION "1.19.0"
#define PACKAGE_STRING "crosstool-NG 1.19.0"
#define PACKAGE_BUGREPORT "crossgcc@sourceware.org"
#define PACKAGE_URL ""
#define STDC_HEADERS 1
#define HAVE_SYS_TYPES_H 1
#define HAVE_SYS_STAT_H 1
#define HAVE_STDLIB_H 1
#define HAVE_STRING_H 1
#define HAVE_MEMORY_H 1
#define HAVE_STRINGS_H 1
#define HAVE_INTTYPES_H 1
#define HAVE_STDINT_H 1
#define HAVE_UNISTD_H 1
#define HAVE_STDLIB_H 1
#define HAVE_MALLOC 1
#define HAVE_STDLIB_H 1
#define HAVE_REALLOC 1
#define HAVE_ALLOCA_H 1
#define HAVE_ALLOCA 1
#define HAVE_LIBINTL_H 1
#define HAVE_NCURSES_H 1

configure: exit 0
